This file contains any messages produced by compilers while
running configure, to aid debugging if configure makes a mistake.

It was created by configure, which was
generated by GNU Autoconf 2.65.  Invocation command line was

  $ ./configure --with-tcl=C:/tcl/lib/tcl8.5 --with-tk=C:/tcl/lib/tk8.5

## --------- ##
## Platform. ##
## --------- ##

hostname = beskow-mbpro-xp
uname -m = i686
uname -r = 1.0.11(0.46/3/2)
uname -s = MINGW32_NT-5.1
uname -v = 2009-07-11 17:46

/usr/bin/uname -p = unknown
/bin/uname -X     = unknown

/bin/arch              = unknown
/usr/bin/arch -k       = unknown
/usr/convex/getsysinfo = unknown
/usr/bin/hostinfo      = unknown
/bin/machine           = unknown
/usr/bin/oslevel       = unknown
/bin/universe          = unknown

PATH: .
PATH: /usr/local/bin
PATH: /mingw/bin
PATH: /bin
PATH: /c/Tcl/bin
PATH: /c/WINDOWS/system32
PATH: /c/WINDOWS
PATH: /c/WINDOWS/System32/Wbem
PATH: /c/Program Files/TortoiseSVN/bin
PATH: /c/Program Files/CMake 2.6/bin


## ----------- ##
## Core tests. ##
## ----------- ##

configure:2008: checking for gcc
configure:2024: found /mingw/bin/gcc
configure:2035: result: gcc
configure:2264: checking for C compiler version
configure:2273: gcc --version >&5
gcc.exe (GCC) 3.4.5 (mingw-vista special r3)
Copyright (C) 2004 Free Software Foundation, Inc.
This is free software; see the source for copying conditions.  There is NO
warranty; not even for MERCHANTABILITY or FITNESS FOR A PARTICULAR PURPOSE.

configure:2284: $? = 0
configure:2273: gcc -v >&5
Reading specs from c:/mingw/bin/../lib/gcc/mingw32/3.4.5/specs
Configured with: ../gcc-3.4.5-20060117-3/configure --with-gcc --with-gnu-ld --with-gnu-as --host=mingw32 --target=mingw32 --prefix=/mingw --enable-threads --disable-nls --enable-languages=c,c++,f77,ada,objc,java --disable-win32-registry --disable-shared --enable-sjlj-exceptions --enable-libgcj --disable-java-awt --without-x --enable-java-gc=boehm --disable-libgcj-debug --enable-interpreter --enable-hash-synchronization --enable-libstdcxx-debug
Thread model: win32
gcc version 3.4.5 (mingw-vista special r3)
configure:2284: $? = 0
configure:2273: gcc -V >&5
gcc.exe: `-V' option must have argument
configure:2284: $? = 1
configure:2273: gcc -qversion >&5
gcc.exe: unrecognized option `-qversion'
gcc.exe: no input files
configure:2284: $? = 1
configure:2304: checking whether the C compiler works
configure:2326: gcc    conftest.c  >&5
configure:2330: $? = 0
configure:2379: result: yes
configure:2382: checking for C compiler default output file name
configure:2384: result: a.exe
configure:2390: checking for suffix of executables
configure:2397: gcc -o conftest.exe    conftest.c  >&5
configure:2401: $? = 0
configure:2423: result: .exe
configure:2445: checking whether we are cross compiling
configure:2453: gcc -o conftest.exe    conftest.c  >&5
configure:2457: $? = 0
configure:2464: ./conftest.exe
configure:2468: $? = 0
configure:2483: result: no
configure:2488: checking for suffix of object files
configure:2510: gcc -c   conftest.c >&5
configure:2514: $? = 0
configure:2535: result: o
configure:2539: checking whether we are using the GNU C compiler
configure:2558: gcc -c   conftest.c >&5
configure:2558: $? = 0
configure:2567: result: yes
configure:2576: checking whether gcc accepts -g
configure:2596: gcc -c -g  conftest.c >&5
configure:2596: $? = 0
configure:2637: result: yes
configure:2654: checking for gcc option to accept ISO C89
configure:2718: gcc  -c -g -O2  conftest.c >&5
configure:2718: $? = 0
configure:2731: result: none needed
configure:2757: checking how to run the C preprocessor
configure:2788: gcc -E  conftest.c
configure:2788: $? = 0
configure:2802: gcc -E  conftest.c
conftest.c:9:28: ac_nonexistent.h: No such file or directory
configure:2802: $? = 1
configure: failed program was:
| /* confdefs.h */
| #define PACKAGE_NAME ""
| #define PACKAGE_TARNAME ""
| #define PACKAGE_VERSION ""
| #define PACKAGE_STRING ""
| #define PACKAGE_BUGREPORT ""
| #define PACKAGE_URL ""
| /* end confdefs.h.  */
| #include <ac_nonexistent.h>
configure:2827: result: gcc -E
configure:2847: gcc -E  conftest.c
configure:2847: $? = 0
configure:2861: gcc -E  conftest.c
conftest.c:9:28: ac_nonexistent.h: No such file or directory
configure:2861: $? = 1
configure: failed program was:
| /* confdefs.h */
| #define PACKAGE_NAME ""
| #define PACKAGE_TARNAME ""
| #define PACKAGE_VERSION ""
| #define PACKAGE_STRING ""
| #define PACKAGE_BUGREPORT ""
| #define PACKAGE_URL ""
| /* end confdefs.h.  */
| #include <ac_nonexistent.h>
configure:2890: checking for grep that handles long lines and -e
configure:2948: result: /bin/grep
configure:2953: checking for egrep
configure:3015: result: /bin/grep -E
configure:3020: checking for ANSI C header files
configure:3040: gcc -c -g -O2  conftest.c >&5
configure:3040: $? = 0
configure:3113: gcc -o conftest.exe -g -O2   conftest.c  >&5
configure:3113: $? = 0
configure:3113: ./conftest.exe
configure:3113: $? = 0
configure:3124: result: yes
configure:3137: checking for sys/types.h
configure:3137: gcc -c -g -O2  conftest.c >&5
configure:3137: $? = 0
configure:3137: result: yes
configure:3137: checking for sys/stat.h
configure:3137: gcc -c -g -O2  conftest.c >&5
configure:3137: $? = 0
configure:3137: result: yes
configure:3137: checking for stdlib.h
configure:3137: gcc -c -g -O2  conftest.c >&5
configure:3137: $? = 0
configure:3137: result: yes
configure:3137: checking for string.h
configure:3137: gcc -c -g -O2  conftest.c >&5
configure:3137: $? = 0
configure:3137: result: yes
configure:3137: checking for memory.h
configure:3137: gcc -c -g -O2  conftest.c >&5
configure:3137: $? = 0
configure:3137: result: yes
configure:3137: checking for strings.h
configure:3137: gcc -c -g -O2  conftest.c >&5
configure:3137: $? = 0
configure:3137: result: yes
configure:3137: checking for inttypes.h
configure:3137: gcc -c -g -O2  conftest.c >&5
configure:3137: $? = 0
configure:3137: result: yes
configure:3137: checking for stdint.h
configure:3137: gcc -c -g -O2  conftest.c >&5
configure:3137: $? = 0
configure:3137: result: yes
configure:3137: checking for unistd.h
configure:3137: gcc -c -g -O2  conftest.c >&5
configure:3137: $? = 0
configure:3137: result: yes
configure:3150: checking for stdint.h
configure:3150: result: yes
configure:3163: checking the location of tclConfig.sh
configure:3188: result: C:/tcl/lib/tcl8.5/tclConfig.sh
configure:3198: checking the location of tkConfig.sh
configure:3224: result: C:/tcl/lib/tk8.5/tkConfig.sh
configure:3446: creating ./config.status

## ---------------------- ##
## Running config.status. ##
## ---------------------- ##

This file was extended by config.status, which was
generated by GNU Autoconf 2.65.  Invocation command line was

  CONFIG_FILES    = 
  CONFIG_HEADERS  = 
  CONFIG_LINKS    = 
  CONFIG_COMMANDS = 
  $ ./config.status 

on beskow-mbpro-xp

config.status:739: creating Makefile
config.status:739: creating snackConfig.sh

## ---------------- ##
## Cache variables. ##
## ---------------- ##

ac_cv_c_compiler_gnu=yes
ac_cv_env_CC_set=
ac_cv_env_CC_value=
ac_cv_env_CFLAGS_set=
ac_cv_env_CFLAGS_value=
ac_cv_env_CPPFLAGS_set=
ac_cv_env_CPPFLAGS_value=
ac_cv_env_CPP_set=
ac_cv_env_CPP_value=
ac_cv_env_LDFLAGS_set=
ac_cv_env_LDFLAGS_value=
ac_cv_env_LIBS_set=
ac_cv_env_LIBS_value=
ac_cv_env_build_alias_set=
ac_cv_env_build_alias_value=
ac_cv_env_host_alias_set=
ac_cv_env_host_alias_value=
ac_cv_env_target_alias_set=
ac_cv_env_target_alias_value=
ac_cv_exeext=.exe
ac_cv_header_inttypes_h=yes
ac_cv_header_memory_h=yes
ac_cv_header_stdc=yes
ac_cv_header_stdint_h=yes
ac_cv_header_stdlib_h=yes
ac_cv_header_string_h=yes
ac_cv_header_strings_h=yes
ac_cv_header_sys_stat_h=yes
ac_cv_header_sys_types_h=yes
ac_cv_header_unistd_h=yes
ac_cv_objext=o
ac_cv_path_EGREP='/bin/grep -E'
ac_cv_path_GREP=/bin/grep
ac_cv_prog_CPP='gcc -E'
ac_cv_prog_ac_ct_CC=gcc
ac_cv_prog_cc_c89=
ac_cv_prog_cc_g=yes

## ----------------- ##
## Output variables. ##
## ----------------- ##

CC='gcc'
CFLAGS='-g -O2 -nologo -O2 -MD -D_CRT_SECURE_NO_DEPRECATE -D_CRT_NONSTDC_NO_DEPRECATE -DHAVE_STDINT_H'
CPP='gcc -E'
CPPFLAGS=''
DEFS='-DPACKAGE_NAME=\"\" -DPACKAGE_TARNAME=\"\" -DPACKAGE_VERSION=\"\" -DPACKAGE_STRING=\"\" -DPACKAGE_BUGREPORT=\"\" -DPACKAGE_URL=\"\" -DSTDC_HEADERS=1 -DHAVE_SYS_TYPES_H=1 -DHAVE_SYS_STAT_H=1 -DHAVE_STDLIB_H=1 -DHAVE_STRING_H=1 -DHAVE_MEMORY_H=1 -DHAVE_STRINGS_H=1 -DHAVE_INTTYPES_H=1 -DHAVE_STDINT_H=1 -DHAVE_UNISTD_H=1'
ECHO_C=''
ECHO_N='-n'
ECHO_T=''
EGREP='/bin/grep -E'
EXEEXT='.exe'
GREP='/bin/grep'
LDFLAGS=''
LIBOBJS=''
LIBS=''
LTLIBOBJS=''
OBJEXT='o'
PACKAGE_BUGREPORT=''
PACKAGE_NAME=''
PACKAGE_STRING=''
PACKAGE_TARNAME=''
PACKAGE_URL=''
PACKAGE_VERSION=''
PATH_SEPARATOR=':'
SHELL='/bin/sh'
SNACK_HINSTALL_PATH='${prefix}/include'
SNACK_INSTALL_PATH='${exec_prefix}/lib'
SNACK_LIB_SPEC='-L${exec_prefix}/lib -lsnack'
SNACK_NODOT_VERSION='22'
SNACK_STUB_LIB_FILE='libsnackstub22.a'
SNACK_STUB_LIB_FLAG='-lsnackstub22'
SNACK_VERSION='2.2'
TCL_INCLUDE_SPEC='-IC:/Tcl/include'
TCL_LIB_SPEC='-LC:/Tcl/lib -ltclstub85'
TK_INCLUDE_SPEC=''
TK_LIB_SPEC='-LC:/Tcl/lib -ltkstub85'
ac_ct_CC='gcc'
bindir='${exec_prefix}/bin'
build_alias=''
datadir='${datarootdir}'
datarootdir='${prefix}/share'
docdir='${datarootdir}/doc/${PACKAGE}'
dvidir='${docdir}'
exec_prefix='/usr/local'
host_alias=''
htmldir='${docdir}'
includedir='${prefix}/include'
infodir='${datarootdir}/info'
libdir='${exec_prefix}/lib'
libexecdir='${exec_prefix}/libexec'
localedir='${datarootdir}/locale'
localstatedir='${prefix}/var'
mandir='${datarootdir}/man'
oldincludedir='/usr/include'
pdfdir='${docdir}'
prefix='/usr/local'
program_transform_name='s,x,x,'
psdir='${docdir}'
sbindir='${exec_prefix}/sbin'
sharedstatedir='${prefix}/com'
srcdir='.'
sysconfdir='${prefix}/etc'
target_alias=''

## ----------- ##
## confdefs.h. ##
## ----------- ##

/* confdefs.h */
#define PACKAGE_NAME ""
#define PACKAGE_TARNAME ""
#define PACKAGE_VERSION ""
#define PACKAGE_STRING ""
#define PACKAGE_BUGREPORT ""
#define PACKAGE_URL ""
#define STDC_HEADERS 1
#define HAVE_SYS_TYPES_H 1
#define HAVE_SYS_STAT_H 1
#define HAVE_STDLIB_H 1
#define HAVE_STRING_H 1
#define HAVE_MEMORY_H 1
#define HAVE_STRINGS_H 1
#define HAVE_INTTYPES_H 1
#define HAVE_STDINT_H 1
#define HAVE_UNISTD_H 1

configure: exit 0
