This file contains any messages produced by compilers while
running configure, to aid debugging if configure makes a mistake.

It was created by configure, which was
generated by GNU Autoconf 2.69.  Invocation command line was

  $ ./configure --with-tcl=../../build/tcl/Tcl.framework --with-tk=../../build/tk/Tk.framework --enable-portaudio

## --------- ##
## Platform. ##
## --------- ##

hostname = n191-p37.eduroam.kth.se
uname -m = x86_64
uname -r = 19.0.0
uname -s = Darwin
uname -v = Darwin Kernel Version 19.0.0: Wed Sep 25 20:18:50 PDT 2019; root:xnu-6153.11.26~2/RELEASE_X86_64

/usr/bin/uname -p = i386
/bin/uname -X     = unknown

/bin/arch              = unknown
/usr/bin/arch -k       = unknown
/usr/convex/getsysinfo = unknown
/usr/bin/hostinfo      = Mach kernel version:
	 Darwin Kernel Version 19.0.0: Wed Sep 25 20:18:50 PDT 2019; root:xnu-6153.11.26~2/RELEASE_X86_64
Kernel configured for up to 8 processors.
4 processors are physically available.
8 processors are logically available.
Processor type: x86_64h (Intel x86-64h Haswell)
Processors active: 0 1 2 3 4 5 6 7
Primary memory available: 16.00 gigabytes
Default processor set: 515 tasks, 2293 threads, 8 processors
Load average: 1.44, Mach factor: 6.55
/bin/machine           = unknown
/usr/bin/oslevel       = unknown
/bin/universe          = unknown

PATH: /opt/intel//openvino_2019.2.275/deployment_tools/model_optimizer
PATH: /usr/local/bin
PATH: /usr/bin
PATH: /bin
PATH: /usr/sbin
PATH: /sbin
PATH: /Library/Apple/usr/bin
PATH: /Library/Apple/bin
PATH: /Library/TeX/texbin
PATH: /Library/Frameworks/Mono.framework/Versions/Current/Commands


## ----------- ##
## Core tests. ##
## ----------- ##

configure:1959: checking for Tcl configuration
configure:2060: result: found /Users/beskow/Dropbox/wrk/wavesurfer-code/wavesurfer/build/build/tcl/Tcl.framework/tclConfig.sh
configure:2087: checking for Tk configuration
configure:2188: result: found /Users/beskow/Dropbox/wrk/wavesurfer-code/wavesurfer/build/build/tk/Tk.framework/tkConfig.sh
configure:2391: result: will use stubs (normal)
configure:2434: result: 
configure:2452: result: will use PORTAUDIO
configure:2513: checking for gcc
configure:2540: result: gcc -mmacosx-version-min=10.6
configure:2769: checking for C compiler version
configure:2778: gcc -mmacosx-version-min=10.6 --version >&5
Apple clang version 11.0.0 (clang-1100.0.33.8)
Target: x86_64-apple-darwin19.0.0
Thread model: posix
InstalledDir: /Applications/Xcode.app/Contents/Developer/Toolchains/XcodeDefault.xctoolchain/usr/bin
configure:2789: $? = 0
configure:2778: gcc -mmacosx-version-min=10.6 -v >&5
Apple clang version 11.0.0 (clang-1100.0.33.8)
Target: x86_64-apple-darwin19.0.0
Thread model: posix
InstalledDir: /Applications/Xcode.app/Contents/Developer/Toolchains/XcodeDefault.xctoolchain/usr/bin
clang: warning: argument unused during compilation: '-mmacosx-version-min=10.6' [-Wunused-command-line-argument]
configure:2789: $? = 0
configure:2778: gcc -mmacosx-version-min=10.6 -V >&5
clang: error: unsupported option '-V -Wno-framework-include-private-from-public'
clang: error: no input files
configure:2789: $? = 1
configure:2778: gcc -mmacosx-version-min=10.6 -qversion >&5
clang: error: unknown argument '-qversion', did you mean '--version'?
clang: error: no input files
configure:2789: $? = 1
configure:2809: checking whether the C compiler works
configure:2831: gcc -mmacosx-version-min=10.6 -Os -fno-common -DMAC_OSX_TCL -DMAC_OSX_TK -DUSE_TCL_STUBS -DUSE_TK_STUBS   conftest.c  >&5
configure:2835: $? = 0
configure:2883: result: yes
configure:2886: checking for C compiler default output file name
configure:2888: result: a.out
configure:2894: checking for suffix of executables
configure:2901: gcc -mmacosx-version-min=10.6 -o conftest -Os -fno-common -DMAC_OSX_TCL -DMAC_OSX_TK -DUSE_TCL_STUBS -DUSE_TK_STUBS   conftest.c  >&5
configure:2905: $? = 0
configure:2927: result: 
configure:2949: checking whether we are cross compiling
configure:2957: gcc -mmacosx-version-min=10.6 -o conftest -Os -fno-common -DMAC_OSX_TCL -DMAC_OSX_TK -DUSE_TCL_STUBS -DUSE_TK_STUBS   conftest.c  >&5
configure:2961: $? = 0
configure:2968: ./conftest
configure:2972: $? = 0
configure:2987: result: no
configure:2992: checking for suffix of object files
configure:3014: gcc -mmacosx-version-min=10.6 -c -Os -fno-common -DMAC_OSX_TCL -DMAC_OSX_TK -DUSE_TCL_STUBS -DUSE_TK_STUBS  conftest.c >&5
configure:3018: $? = 0
configure:3039: result: o
configure:3043: checking whether we are using the GNU C compiler
configure:3062: gcc -mmacosx-version-min=10.6 -c -Os -fno-common -DMAC_OSX_TCL -DMAC_OSX_TK -DUSE_TCL_STUBS -DUSE_TK_STUBS  conftest.c >&5
configure:3062: $? = 0
configure:3071: result: yes
configure:3080: checking whether gcc -mmacosx-version-min=10.6 accepts -g
configure:3100: gcc -mmacosx-version-min=10.6 -c -g  conftest.c >&5
configure:3100: $? = 0
configure:3141: result: yes
configure:3158: checking for gcc -mmacosx-version-min=10.6 option to accept ISO C89
configure:3221: gcc -mmacosx-version-min=10.6  -c -Os -fno-common -DMAC_OSX_TCL -DMAC_OSX_TK -DUSE_TCL_STUBS -DUSE_TK_STUBS  conftest.c >&5
configure:3221: $? = 0
configure:3234: result: none needed
configure:3260: checking how to run the C preprocessor
configure:3291: gcc -mmacosx-version-min=10.6 -E  conftest.c
configure:3291: $? = 0
configure:3305: gcc -mmacosx-version-min=10.6 -E  conftest.c
conftest.c:9:10: fatal error: 'ac_nonexistent.h' file not found
#include <ac_nonexistent.h>
         ^~~~~~~~~~~~~~~~~~
1 error generated.
configure:3305: $? = 1
configure: failed program was:
| /* confdefs.h */
| #define PACKAGE_NAME ""
| #define PACKAGE_TARNAME ""
| #define PACKAGE_VERSION ""
| #define PACKAGE_STRING ""
| #define PACKAGE_BUGREPORT ""
| #define PACKAGE_URL ""
| /* end confdefs.h.  */
| #include <ac_nonexistent.h>
configure:3330: result: gcc -mmacosx-version-min=10.6 -E
configure:3350: gcc -mmacosx-version-min=10.6 -E  conftest.c
configure:3350: $? = 0
configure:3364: gcc -mmacosx-version-min=10.6 -E  conftest.c
conftest.c:9:10: fatal error: 'ac_nonexistent.h' file not found
#include <ac_nonexistent.h>
         ^~~~~~~~~~~~~~~~~~
1 error generated.
configure:3364: $? = 1
configure: failed program was:
| /* confdefs.h */
| #define PACKAGE_NAME ""
| #define PACKAGE_TARNAME ""
| #define PACKAGE_VERSION ""
| #define PACKAGE_STRING ""
| #define PACKAGE_BUGREPORT ""
| #define PACKAGE_URL ""
| /* end confdefs.h.  */
| #include <ac_nonexistent.h>
configure:3393: checking for grep that handles long lines and -e
configure:3451: result: /usr/bin/grep
configure:3456: checking for egrep
configure:3518: result: /usr/bin/grep -E
configure:3523: checking for ANSI C header files
configure:3543: gcc -mmacosx-version-min=10.6 -c -Os -fno-common -DMAC_OSX_TCL -DMAC_OSX_TK -DUSE_TCL_STUBS -DUSE_TK_STUBS  conftest.c >&5
configure:3543: $? = 0
configure:3616: gcc -mmacosx-version-min=10.6 -o conftest -Os -fno-common -DMAC_OSX_TCL -DMAC_OSX_TK -DUSE_TCL_STUBS -DUSE_TK_STUBS   conftest.c  >&5
configure:3616: $? = 0
configure:3616: ./conftest
configure:3616: $? = 0
configure:3627: result: yes
configure:3640: checking for sys/types.h
configure:3640: gcc -mmacosx-version-min=10.6 -c -Os -fno-common -DMAC_OSX_TCL -DMAC_OSX_TK -DUSE_TCL_STUBS -DUSE_TK_STUBS  conftest.c >&5
configure:3640: $? = 0
configure:3640: result: yes
configure:3640: checking for sys/stat.h
configure:3640: gcc -mmacosx-version-min=10.6 -c -Os -fno-common -DMAC_OSX_TCL -DMAC_OSX_TK -DUSE_TCL_STUBS -DUSE_TK_STUBS  conftest.c >&5
configure:3640: $? = 0
configure:3640: result: yes
configure:3640: checking for stdlib.h
configure:3640: gcc -mmacosx-version-min=10.6 -c -Os -fno-common -DMAC_OSX_TCL -DMAC_OSX_TK -DUSE_TCL_STUBS -DUSE_TK_STUBS  conftest.c >&5
configure:3640: $? = 0
configure:3640: result: yes
configure:3640: checking for string.h
configure:3640: gcc -mmacosx-version-min=10.6 -c -Os -fno-common -DMAC_OSX_TCL -DMAC_OSX_TK -DUSE_TCL_STUBS -DUSE_TK_STUBS  conftest.c >&5
configure:3640: $? = 0
configure:3640: result: yes
configure:3640: checking for memory.h
configure:3640: gcc -mmacosx-version-min=10.6 -c -Os -fno-common -DMAC_OSX_TCL -DMAC_OSX_TK -DUSE_TCL_STUBS -DUSE_TK_STUBS  conftest.c >&5
configure:3640: $? = 0
configure:3640: result: yes
configure:3640: checking for strings.h
configure:3640: gcc -mmacosx-version-min=10.6 -c -Os -fno-common -DMAC_OSX_TCL -DMAC_OSX_TK -DUSE_TCL_STUBS -DUSE_TK_STUBS  conftest.c >&5
configure:3640: $? = 0
configure:3640: result: yes
configure:3640: checking for inttypes.h
configure:3640: gcc -mmacosx-version-min=10.6 -c -Os -fno-common -DMAC_OSX_TCL -DMAC_OSX_TK -DUSE_TCL_STUBS -DUSE_TK_STUBS  conftest.c >&5
configure:3640: $? = 0
configure:3640: result: yes
configure:3640: checking for stdint.h
configure:3640: gcc -mmacosx-version-min=10.6 -c -Os -fno-common -DMAC_OSX_TCL -DMAC_OSX_TK -DUSE_TCL_STUBS -DUSE_TK_STUBS  conftest.c >&5
configure:3640: $? = 0
configure:3640: result: yes
configure:3640: checking for unistd.h
configure:3640: gcc -mmacosx-version-min=10.6 -c -Os -fno-common -DMAC_OSX_TCL -DMAC_OSX_TK -DUSE_TCL_STUBS -DUSE_TK_STUBS  conftest.c >&5
configure:3640: $? = 0
configure:3640: result: yes
configure:3838: creating ./config.status

## ---------------------- ##
## Running config.status. ##
## ---------------------- ##

This file was extended by config.status, which was
generated by GNU Autoconf 2.69.  Invocation command line was

  CONFIG_FILES    = 
  CONFIG_HEADERS  = 
  CONFIG_LINKS    = 
  CONFIG_COMMANDS = 
  $ ./config.status 

on n191-p37.eduroam.kth.se

config.status:754: creating Makefile
config.status:754: creating snackConfig.sh

## ---------------- ##
## Cache variables. ##
## ---------------- ##

ac_cv_c_compiler_gnu=yes
ac_cv_c_tclconfig=/Users/beskow/Dropbox/wrk/wavesurfer-code/wavesurfer/build/build/tcl/Tcl.framework
ac_cv_c_tkconfig=/Users/beskow/Dropbox/wrk/wavesurfer-code/wavesurfer/build/build/tk/Tk.framework
ac_cv_env_CC_set=
ac_cv_env_CC_value=
ac_cv_env_CFLAGS_set=
ac_cv_env_CFLAGS_value=
ac_cv_env_CPPFLAGS_set=
ac_cv_env_CPPFLAGS_value=
ac_cv_env_CPP_set=
ac_cv_env_CPP_value=
ac_cv_env_LDFLAGS_set=
ac_cv_env_LDFLAGS_value=
ac_cv_env_LIBS_set=
ac_cv_env_LIBS_value=
ac_cv_env_build_alias_set=
ac_cv_env_build_alias_value=
ac_cv_env_host_alias_set=
ac_cv_env_host_alias_value=
ac_cv_env_target_alias_set=
ac_cv_env_target_alias_value=
ac_cv_header_inttypes_h=yes
ac_cv_header_memory_h=yes
ac_cv_header_stdc=yes
ac_cv_header_stdint_h=yes
ac_cv_header_stdlib_h=yes
ac_cv_header_string_h=yes
ac_cv_header_strings_h=yes
ac_cv_header_sys_stat_h=yes
ac_cv_header_sys_types_h=yes
ac_cv_header_unistd_h=yes
ac_cv_objext=o
ac_cv_path_EGREP='/usr/bin/grep -E'
ac_cv_path_GREP=/usr/bin/grep
ac_cv_prog_CPP='gcc -mmacosx-version-min=10.6 -E'
ac_cv_prog_ac_ct_CC='gcc -mmacosx-version-min=10.6'
ac_cv_prog_cc_c89=
ac_cv_prog_cc_g=yes

## ----------------- ##
## Output variables. ##
## ----------------- ##

AFLAG='-DPORTAUDIO'
AINC=''
ALIB='-lportaudio'
AOBJ='jkAudIO_pa.o'
CC='gcc -mmacosx-version-min=10.6'
CFLAGS='-Os -fno-common -DMAC_OSX_TCL -DMAC_OSX_TK -DUSE_TCL_STUBS -DUSE_TK_STUBS'
CPP='gcc -mmacosx-version-min=10.6 -E'
CPPFLAGS=''
DEFS='-DPACKAGE_NAME=\"\" -DPACKAGE_TARNAME=\"\" -DPACKAGE_VERSION=\"\" -DPACKAGE_STRING=\"\" -DPACKAGE_BUGREPORT=\"\" -DPACKAGE_URL=\"\" -DSTDC_HEADERS=1 -DHAVE_SYS_TYPES_H=1 -DHAVE_SYS_STAT_H=1 -DHAVE_STDLIB_H=1 -DHAVE_STRING_H=1 -DHAVE_MEMORY_H=1 -DHAVE_STRINGS_H=1 -DHAVE_INTTYPES_H=1 -DHAVE_STDINT_H=1 -DHAVE_UNISTD_H=1'
DOSTUBLIB='stublib'
ECHO_C='\c'
ECHO_N=''
ECHO_T=''
EGREP='/usr/bin/grep -E'
EXEEXT=''
GREP='/usr/bin/grep'
LDFLAGS=''
LD_SEARCH_FLAGS=''
LIBNIST=''
LIBOBJS=''
LIBOGG=''
LIBS=''
LTLIBOBJS=''
NISTINC=''
NISTLIBS='/libsp.a /libutil.a'
OBJEXT='o'
OGGINC='-I'
OGGLIBS='-L -lvorbisenc -lvorbis -logg'
PACKAGE_BUGREPORT=''
PACKAGE_NAME=''
PACKAGE_STRING=''
PACKAGE_TARNAME=''
PACKAGE_URL=''
PACKAGE_VERSION=''
PATH_SEPARATOR=':'
SHELL='/bin/sh'
SHLIB_LD='${CC} -dynamiclib ${CFLAGS} ${LDFLAGS} -Wl,-single_module'
SHLIB_SUFFIX='.dylib'
SNACK_HINSTALL_PATH='${prefix}/include'
SNACK_INSTALL_PATH='${exec_prefix}/lib'
SNACK_LIB_SPEC='-L${exec_prefix}/lib -lsnack'
SNACK_STUB_LIB_FLAG='-lsnackstub2.2'
SNACK_VERSION='2.2'
STUBINITOBJ='snackStubInit.o'
TCLAPI='-DTCL_81_API'
TCLVER='8.6'
TCL_INCLUDE_SPEC='-I/Library/Frameworks/Tcl.framework/Versions/8.6/Headers'
TCL_LIB_SPEC='-L/Library/Frameworks/Tcl.framework/Versions/8.6 -ltclstub8.6'
TCL_SRC_DIR='/Users/beskow/Dropbox/wrk/wavesurfer-code/wavesurfer/build/tcl8.6.9'
TK_INCLUDE_SPEC='-I/Library/Frameworks/Tk.framework/Versions/8.6/Headers'
TK_LIBS='   -lpthread -framework CoreFoundation -framework Cocoa -framework Carbon -framework IOKit  -lz  -lpthread -framework CoreFoundation '
TK_LIB_SPEC='-L/Library/Frameworks/Tk.framework/Versions/8.6 -ltkstub8.6'
TK_SRC_DIR='/Users/beskow/Dropbox/wrk/wavesurfer-code/wavesurfer/build/tk8.6.9'
XINCLUDES=''
ac_ct_CC='gcc -mmacosx-version-min=10.6'
bindir='${exec_prefix}/bin'
build_alias=''
datadir='${datarootdir}'
datarootdir='${prefix}/share'
docdir='${datarootdir}/doc/${PACKAGE}'
dvidir='${docdir}'
exec_prefix='/usr/local'
host_alias=''
htmldir='${docdir}'
includedir='${prefix}/include'
infodir='${datarootdir}/info'
libdir='${exec_prefix}/lib'
libexecdir='${exec_prefix}/libexec'
localedir='${datarootdir}/locale'
localstatedir='${prefix}/var'
mandir='${datarootdir}/man'
oldincludedir='/usr/include'
pdfdir='${docdir}'
prefix='/usr/local'
program_transform_name='s,x,x,'
psdir='${docdir}'
sbindir='${exec_prefix}/sbin'
sharedstatedir='${prefix}/com'
sysconfdir='${prefix}/etc'
target_alias=''

## ----------- ##
## confdefs.h. ##
## ----------- ##

/* confdefs.h */
#define PACKAGE_NAME ""
#define PACKAGE_TARNAME ""
#define PACKAGE_VERSION ""
#define PACKAGE_STRING ""
#define PACKAGE_BUGREPORT ""
#define PACKAGE_URL ""
#define STDC_HEADERS 1
#define HAVE_SYS_TYPES_H 1
#define HAVE_SYS_STAT_H 1
#define HAVE_STDLIB_H 1
#define HAVE_STRING_H 1
#define HAVE_MEMORY_H 1
#define HAVE_STRINGS_H 1
#define HAVE_INTTYPES_H 1
#define HAVE_STDINT_H 1
#define HAVE_UNISTD_H 1

configure: exit 0
